[debug] [2024-06-26T17:33:20.881Z] ----------------------------------------------------------------------
[debug] [2024-06-26T17:33:20.886Z] Command:       C:\Program Files\nodejs\node.exe C:\Users\Ricky Ponting\AppData\Roaming\npm\node_modules\firebase-tools\lib\bin\firebase.js init
[debug] [2024-06-26T17:33:20.887Z] CLI Version:   13.12.0
[debug] [2024-06-26T17:33:20.887Z] Platform:      win32
[debug] [2024-06-26T17:33:20.887Z] Node Version:  v20.15.0
[debug] [2024-06-26T17:33:20.888Z] Time:          Wed Jun 26 2024 13:33:20 GMT-0400 (Eastern Daylight Time)
[debug] [2024-06-26T17:33:20.888Z] ----------------------------------------------------------------------
[debug] 
[debug] [2024-06-26T17:33:20.899Z] > command requires scopes: ["email","openid","https://www.googleapis.com/auth/cloudplatformprojects.readonly","https://www.googleapis.com/auth/firebase","https://www.googleapis.com/auth/cloud-platform"]
[debug] [2024-06-26T17:33:20.900Z] > authorizing via signed-in user (qarimahdi217@gmail.com)
[info] 
     ######## #### ########  ######## ########     ###     ######  ########
     ##        ##  ##     ## ##       ##     ##  ##   ##  ##       ##
     ######    ##  ########  ######   ########  #########  ######  ######
     ##        ##  ##    ##  ##       ##     ## ##     ##       ## ##
     ##       #### ##     ## ######## ########  ##     ##  ######  ########

You're about to initialize a Firebase project in this directory:

  C:\Users\Ricky Ponting\Desktop\version 2 test\www.hustlers.university

[info] 
=== Project Setup
[info] 
[info] First, let's associate this project directory with a Firebase project.
[info] You can create multiple project aliases by running firebase use --add, 
[info] but for now we'll just set up a default project.
[info] 
[debug] [2024-06-26T17:33:34.533Z] > refreshing access token with scopes: []
[debug] [2024-06-26T17:33:34.535Z] >>> [apiv2][query] POST https://www.googleapis.com/oauth2/v3/token [none]
[debug] [2024-06-26T17:33:34.536Z] >>> [apiv2][body] POST https://www.googleapis.com/oauth2/v3/token [omitted]
[debug] [2024-06-26T17:33:34.857Z] <<< [apiv2][status] POST https://www.googleapis.com/oauth2/v3/token 400
[debug] [2024-06-26T17:33:34.857Z] <<< [apiv2][body] POST https://www.googleapis.com/oauth2/v3/token [omitted]
[debug] [2024-06-26T17:33:34.858Z] >>> [apiv2][query] GET https://firebase.googleapis.com/v1beta1/projects pageSize=100
[debug] [2024-06-26T17:33:35.074Z] <<< [apiv2][status] GET https://firebase.googleapis.com/v1beta1/projects 401
[debug] [2024-06-26T17:33:35.074Z] <<< [apiv2][body] GET https://firebase.googleapis.com/v1beta1/projects [omitted]
[debug] [2024-06-26T17:33:35.075Z] HTTP Error: 401, Request had invalid authentication credentials. Expected OAuth 2 access token, login cookie or other valid authentication credential. See https://developers.google.com/identity/sign-in/web/devconsole-project.
[debug] [2024-06-26T17:33:35.275Z] FirebaseError: HTTP Error: 401, Request had invalid authentication credentials. Expected OAuth 2 access token, login cookie or other valid authentication credential. See https://developers.google.com/identity/sign-in/web/devconsole-project.
    at responseToError (C:\Users\Ricky Ponting\AppData\Roaming\npm\node_modules\firebase-tools\lib\responseToError.js:49:12)
    at RetryOperation._fn (C:\Users\Ricky Ponting\AppData\Roaming\npm\node_modules\firebase-tools\lib\apiv2.js:305:77)
    at process.processTicksAndRejections (node:internal/process/task_queues:95:5)
[error] 
[error] Error: Failed to list Firebase projects. See firebase-debug.log for more info.
[debug] [2024-06-26T17:34:10.471Z] ----------------------------------------------------------------------
[debug] [2024-06-26T17:34:10.477Z] Command:       C:\Program Files\nodejs\node.exe C:\Users\Ricky Ponting\AppData\Roaming\npm\node_modules\firebase-tools\lib\bin\firebase.js init
[debug] [2024-06-26T17:34:10.477Z] CLI Version:   13.12.0
[debug] [2024-06-26T17:34:10.478Z] Platform:      win32
[debug] [2024-06-26T17:34:10.478Z] Node Version:  v20.15.0
[debug] [2024-06-26T17:34:10.478Z] Time:          Wed Jun 26 2024 13:34:10 GMT-0400 (Eastern Daylight Time)
[debug] [2024-06-26T17:34:10.479Z] ----------------------------------------------------------------------
[debug] 
[debug] [2024-06-26T17:34:10.489Z] > command requires scopes: ["email","openid","https://www.googleapis.com/auth/cloudplatformprojects.readonly","https://www.googleapis.com/auth/firebase","https://www.googleapis.com/auth/cloud-platform"]
[debug] [2024-06-26T17:34:10.490Z] > authorizing via signed-in user (qarimahdi217@gmail.com)
[info] 
     ######## #### ########  ######## ########     ###     ######  ########
     ##        ##  ##     ## ##       ##     ##  ##   ##  ##       ##
     ######    ##  ########  ######   ########  #########  ######  ######
     ##        ##  ##    ##  ##       ##     ## ##     ##       ## ##
     ##       #### ##     ## ######## ########  ##     ##  ######  ########

You're about to initialize a Firebase project in this directory:

  C:\Users\Ricky Ponting\Desktop\version 2 test\www.hustlers.university

[info] 
=== Project Setup
[info] 
[info] First, let's associate this project directory with a Firebase project.
[info] You can create multiple project aliases by running firebase use --add, 
[info] but for now we'll just set up a default project.
[info] 
[info] i  If you want to create a project in a Google Cloud organization or folder, please use "firebase projects:create" instead, and return to this command when you've created the project. 
[debug] [2024-06-26T17:35:09.685Z] ----------------------------------------------------------------------
[debug] [2024-06-26T17:35:09.691Z] Command:       C:\Program Files\nodejs\node.exe C:\Users\Ricky Ponting\AppData\Roaming\npm\node_modules\firebase-tools\lib\bin\firebase.js init
[debug] [2024-06-26T17:35:09.692Z] CLI Version:   13.12.0
[debug] [2024-06-26T17:35:09.692Z] Platform:      win32
[debug] [2024-06-26T17:35:09.693Z] Node Version:  v20.15.0
[debug] [2024-06-26T17:35:09.693Z] Time:          Wed Jun 26 2024 13:35:09 GMT-0400 (Eastern Daylight Time)
[debug] [2024-06-26T17:35:09.693Z] ----------------------------------------------------------------------
[debug] 
[debug] [2024-06-26T17:35:09.704Z] > command requires scopes: ["email","openid","https://www.googleapis.com/auth/cloudplatformprojects.readonly","https://www.googleapis.com/auth/firebase","https://www.googleapis.com/auth/cloud-platform"]
[debug] [2024-06-26T17:35:09.705Z] > authorizing via signed-in user (qarimahdi217@gmail.com)
[info] 
     ######## #### ########  ######## ########     ###     ######  ########
     ##        ##  ##     ## ##       ##     ##  ##   ##  ##       ##
     ######    ##  ########  ######   ########  #########  ######  ######
     ##        ##  ##    ##  ##       ##     ## ##     ##       ## ##
     ##       #### ##     ## ######## ########  ##     ##  ######  ########

You're about to initialize a Firebase project in this directory:

  C:\Users\Ricky Ponting\Desktop\version 2 test\www.hustlers.university

[info] 
=== Project Setup
[info] 
[info] First, let's associate this project directory with a Firebase project.
[info] You can create multiple project aliases by running firebase use --add, 
[info] but for now we'll just set up a default project.
[info] 
[debug] [2024-06-26T17:35:18.707Z] > refreshing access token with scopes: []
[debug] [2024-06-26T17:35:18.710Z] >>> [apiv2][query] POST https://www.googleapis.com/oauth2/v3/token [none]
[debug] [2024-06-26T17:35:18.710Z] >>> [apiv2][body] POST https://www.googleapis.com/oauth2/v3/token [omitted]
[debug] [2024-06-26T17:35:19.045Z] <<< [apiv2][status] POST https://www.googleapis.com/oauth2/v3/token 400
[debug] [2024-06-26T17:35:19.046Z] <<< [apiv2][body] POST https://www.googleapis.com/oauth2/v3/token [omitted]
[debug] [2024-06-26T17:35:19.047Z] >>> [apiv2][query] GET https://firebase.googleapis.com/v1beta1/projects pageSize=100
[debug] [2024-06-26T17:35:19.265Z] <<< [apiv2][status] GET https://firebase.googleapis.com/v1beta1/projects 401
[debug] [2024-06-26T17:35:19.266Z] <<< [apiv2][body] GET https://firebase.googleapis.com/v1beta1/projects [omitted]
[debug] [2024-06-26T17:35:19.266Z] HTTP Error: 401, Request had invalid authentication credentials. Expected OAuth 2 access token, login cookie or other valid authentication credential. See https://developers.google.com/identity/sign-in/web/devconsole-project.
[debug] [2024-06-26T17:35:19.433Z] FirebaseError: HTTP Error: 401, Request had invalid authentication credentials. Expected OAuth 2 access token, login cookie or other valid authentication credential. See https://developers.google.com/identity/sign-in/web/devconsole-project.
    at responseToError (C:\Users\Ricky Ponting\AppData\Roaming\npm\node_modules\firebase-tools\lib\responseToError.js:49:12)
    at RetryOperation._fn (C:\Users\Ricky Ponting\AppData\Roaming\npm\node_modules\firebase-tools\lib\apiv2.js:305:77)
    at process.processTicksAndRejections (node:internal/process/task_queues:95:5)
[error] 
[error] Error: Failed to list Firebase projects. See firebase-debug.log for more info.
